<?xml version="1.0" encoding="UTF-8"?>
<robot generator="Robot 3.0.3 (Python 3.6.4 on darwin)" generated="20180815 12:23:08.123">
<suite id="s1" name="标准项目组织结构 Demo" source="/Users/lyy/Documents/AutoLink/.beats/workspace/AutoLink/标准项目组织结构_demo">
<suite id="s1-s1" name="002 用例集" source="/Users/lyy/Documents/AutoLink/.beats/workspace/AutoLink/标准项目组织结构_demo/002_用例集">
<suite id="s1-s1-s1" name="001 Xxx流程" source="/Users/lyy/Documents/AutoLink/.beats/workspace/AutoLink/标准项目组织结构_demo/002_用例集/001_xxx流程.robot">
<test id="s1-s1-s1-t1" name="搜索1">
<kw name="Open Browser" library="SeleniumLibrary">
<doc>Opens a new browser instance to the given ``url``.</doc>
<arguments>
<arg>${HOME}</arg>
<arg>${BROWSER}</arg>
</arguments>
<status status="PASS" starttime="20180815 12:23:08.257" endtime="20180815 12:23:11.436"></status>
</kw>
<kw name="Input Text" library="SeleniumLibrary">
<doc>Types the given ``text`` into text field identified by ``locator``.</doc>
<arguments>
<arg>id=${kw_id}</arg>
<arg>${SEARCH_WORD}</arg>
</arguments>
<status status="PASS" starttime="20180815 12:23:11.436" endtime="20180815 12:23:11.538"></status>
</kw>
<kw name="Sleep" library="BuiltIn">
<doc>Pauses the test executed for the given time.</doc>
<arguments>
<arg>5s</arg>
</arguments>
<status status="PASS" starttime="20180815 12:23:11.539" endtime="20180815 12:23:16.540"></status>
</kw>
<kw name="Close All Browsers" library="SeleniumLibrary">
<doc>Closes all open browsers and resets the browser cache.</doc>
<status status="PASS" starttime="20180815 12:23:16.541" endtime="20180815 12:23:16.612"></status>
</kw>
<status status="PASS" starttime="20180815 12:23:08.256" endtime="20180815 12:23:16.612" critical="yes"></status>
</test>
<test id="s1-s1-s1-t2" name="搜索2">
<kw name="Open Browser" library="SeleniumLibrary">
<doc>Opens a new browser instance to the given ``url``.</doc>
<arguments>
<arg>${HOME}</arg>
<arg>${BROWSER}</arg>
</arguments>
<status status="PASS" starttime="20180815 12:23:16.616" endtime="20180815 12:23:19.298"></status>
</kw>
<kw name="Input Text" library="SeleniumLibrary">
<doc>Types the given ``text`` into text field identified by ``locator``.</doc>
<arguments>
<arg>id=${kw_id}</arg>
<arg>${SEARCH_WORD}</arg>
</arguments>
<status status="PASS" starttime="20180815 12:23:19.299" endtime="20180815 12:23:19.459"></status>
</kw>
<kw name="Sleep" library="BuiltIn">
<doc>Pauses the test executed for the given time.</doc>
<arguments>
<arg>5s</arg>
</arguments>
<status status="PASS" starttime="20180815 12:23:19.459" endtime="20180815 12:23:24.461"></status>
</kw>
<kw name="Close All Browsers" library="SeleniumLibrary">
<doc>Closes all open browsers and resets the browser cache.</doc>
<status status="PASS" starttime="20180815 12:23:24.462" endtime="20180815 12:23:24.534"></status>
</kw>
<status status="PASS" starttime="20180815 12:23:16.614" endtime="20180815 12:23:24.535" critical="yes"></status>
</test>
<status status="PASS" starttime="20180815 12:23:08.159" endtime="20180815 12:23:24.538"></status>
</suite>
<status status="PASS" starttime="20180815 12:23:08.155" endtime="20180815 12:23:24.547"></status>
</suite>
<suite id="s1-s2" name="003 用例集" source="/Users/lyy/Documents/AutoLink/.beats/workspace/AutoLink/标准项目组织结构_demo/003_用例集">
<suite id="s1-s2-s1" name="001 Xxx流程" source="/Users/lyy/Documents/AutoLink/.beats/workspace/AutoLink/标准项目组织结构_demo/003_用例集/001_xxx流程.robot">
<test id="s1-s2-s1-t1" name="搜索1">
<kw name="Open Browser" library="SeleniumLibrary">
<doc>Opens a new browser instance to the given ``url``.</doc>
<arguments>
<arg>${HOME}</arg>
<arg>${BROWSER}</arg>
</arguments>
<status status="PASS" starttime="20180815 12:23:24.563" endtime="20180815 12:23:27.222"></status>
</kw>
<kw name="Input Text" library="SeleniumLibrary">
<doc>Types the given ``text`` into text field identified by ``locator``.</doc>
<arguments>
<arg>id=${kw_id}</arg>
<arg>${SEARCH_WORD}</arg>
</arguments>
<status status="PASS" starttime="20180815 12:23:27.222" endtime="20180815 12:23:27.360"></status>
</kw>
<kw name="Sleep" library="BuiltIn">
<doc>Pauses the test executed for the given time.</doc>
<arguments>
<arg>5s</arg>
</arguments>
<status status="PASS" starttime="20180815 12:23:27.361" endtime="20180815 12:23:32.361"></status>
</kw>
<kw name="Close All Browsers" library="SeleniumLibrary">
<doc>Closes all open browsers and resets the browser cache.</doc>
<status status="PASS" starttime="20180815 12:23:32.362" endtime="20180815 12:23:32.434"></status>
</kw>
<status status="PASS" starttime="20180815 12:23:24.562" endtime="20180815 12:23:32.434" critical="yes"></status>
</test>
<test id="s1-s2-s1-t2" name="搜索2">
<kw name="Open Browser" library="SeleniumLibrary">
<doc>Opens a new browser instance to the given ``url``.</doc>
<arguments>
<arg>${HOME}</arg>
<arg>${BROWSER}</arg>
</arguments>
<status status="PASS" starttime="20180815 12:23:32.437" endtime="20180815 12:23:35.092"></status>
</kw>
<kw name="Input Text" library="SeleniumLibrary">
<doc>Types the given ``text`` into text field identified by ``locator``.</doc>
<arguments>
<arg>id=${kw_id}</arg>
<arg>${SEARCH_WORD}</arg>
</arguments>
<status status="PASS" starttime="20180815 12:23:35.093" endtime="20180815 12:23:35.232"></status>
</kw>
<kw name="Sleep" library="BuiltIn">
<doc>Pauses the test executed for the given time.</doc>
<arguments>
<arg>5s</arg>
</arguments>
<status status="PASS" starttime="20180815 12:23:35.232" endtime="20180815 12:23:40.233"></status>
</kw>
<kw name="Close All Browsers" library="SeleniumLibrary">
<doc>Closes all open browsers and resets the browser cache.</doc>
<status status="PASS" starttime="20180815 12:23:40.233" endtime="20180815 12:23:40.304"></status>
</kw>
<status status="PASS" starttime="20180815 12:23:32.436" endtime="20180815 12:23:40.304" critical="yes"></status>
</test>
<test id="s1-s2-s1-t3" name="搜索3">
<kw name="Open Browser" library="SeleniumLibrary">
<doc>Opens a new browser instance to the given ``url``.</doc>
<arguments>
<arg>${HOME}</arg>
<arg>${BROWSER}</arg>
</arguments>
<status status="PASS" starttime="20180815 12:23:40.306" endtime="20180815 12:23:43.348"></status>
</kw>
<kw name="Input Text" library="SeleniumLibrary">
<doc>Types the given ``text`` into text field identified by ``locator``.</doc>
<arguments>
<arg>id=${kw_id}</arg>
<arg>${SEARCH_WORD}</arg>
</arguments>
<status status="PASS" starttime="20180815 12:23:43.348" endtime="20180815 12:23:43.487"></status>
</kw>
<kw name="Sleep" library="BuiltIn">
<doc>Pauses the test executed for the given time.</doc>
<arguments>
<arg>5s</arg>
</arguments>
<status status="PASS" starttime="20180815 12:23:43.488" endtime="20180815 12:23:48.489"></status>
</kw>
<kw name="Close All Browsers" library="SeleniumLibrary">
<doc>Closes all open browsers and resets the browser cache.</doc>
<status status="PASS" starttime="20180815 12:23:48.489" endtime="20180815 12:23:48.561"></status>
</kw>
<kw name="I">
<msg timestamp="20180815 12:23:48.567" level="FAIL">No keyword with name 'I' found.</msg>
<status status="FAIL" starttime="20180815 12:23:48.566" endtime="20180815 12:23:48.567"></status>
</kw>
<status status="FAIL" starttime="20180815 12:23:40.305" endtime="20180815 12:23:48.567" critical="yes">No keyword with name 'I' found.</status>
</test>
<status status="FAIL" starttime="20180815 12:23:24.557" endtime="20180815 12:23:48.571"></status>
</suite>
<status status="FAIL" starttime="20180815 12:23:24.553" endtime="20180815 12:23:48.584"></status>
</suite>
<status status="FAIL" starttime="20180815 12:23:08.125" endtime="20180815 12:23:48.595"></status>
</suite>
<statistics>
<total>
<stat pass="4" fail="1">Critical Tests</stat>
<stat pass="4" fail="1">All Tests</stat>
</total>
<tag>
</tag>
<suite>
<stat pass="4" fail="1" id="s1" name="标准项目组织结构 Demo">标准项目组织结构 Demo</stat>
<stat pass="2" fail="0" id="s1-s1" name="002 用例集">标准项目组织结构 Demo.002 用例集</stat>
<stat pass="2" fail="0" id="s1-s1-s1" name="001 Xxx流程">标准项目组织结构 Demo.002 用例集.001 Xxx流程</stat>
<stat pass="2" fail="1" id="s1-s2" name="003 用例集">标准项目组织结构 Demo.003 用例集</stat>
<stat pass="2" fail="1" id="s1-s2-s1" name="001 Xxx流程">标准项目组织结构 Demo.003 用例集.001 Xxx流程</stat>
</suite>
</statistics>
<errors>
</errors>
</robot>
