<?xml version="1.0" encoding="UTF-8"?>
<robot generator="Robot 3.0.3 (Python 3.6.4 on darwin)" generated="20180815 11:48:47.961">
<suite id="s1" name="标准项目组织结构 Demo" source="/Users/lyy/Documents/AutoLink/.beats/workspace/AutoLink/标准项目组织结构_demo">
<suite id="s1-s1" name="002 用例集" source="/Users/lyy/Documents/AutoLink/.beats/workspace/AutoLink/标准项目组织结构_demo/002_用例集">
<suite id="s1-s1-s1" name="001 Xxx流程" source="/Users/lyy/Documents/AutoLink/.beats/workspace/AutoLink/标准项目组织结构_demo/002_用例集/001_xxx流程.robot">
<test id="s1-s1-s1-t1" name="搜索1">
<kw name="Open Browser" library="SeleniumLibrary">
<doc>Opens a new browser instance to the given ``url``.</doc>
<arguments>
<arg>${HOME}</arg>
<arg>${BROWSER}</arg>
</arguments>
<status status="PASS" starttime="20180815 11:48:48.092" endtime="20180815 11:48:50.871"></status>
</kw>
<kw name="Input Text" library="SeleniumLibrary">
<doc>Types the given ``text`` into text field identified by ``locator``.</doc>
<arguments>
<arg>id=${kw_id}</arg>
<arg>${SEARCH_WORD}</arg>
</arguments>
<status status="PASS" starttime="20180815 11:48:50.871" endtime="20180815 11:48:51.011"></status>
</kw>
<kw name="Sleep" library="BuiltIn">
<doc>Pauses the test executed for the given time.</doc>
<arguments>
<arg>5s</arg>
</arguments>
<status status="PASS" starttime="20180815 11:48:51.011" endtime="20180815 11:48:56.013"></status>
</kw>
<kw name="Close All Browsers" library="SeleniumLibrary">
<doc>Closes all open browsers and resets the browser cache.</doc>
<status status="PASS" starttime="20180815 11:48:56.014" endtime="20180815 11:48:56.083"></status>
</kw>
<status status="PASS" starttime="20180815 11:48:48.091" endtime="20180815 11:48:56.084" critical="yes"></status>
</test>
<test id="s1-s1-s1-t2" name="搜索2">
<kw name="Open Browser" library="SeleniumLibrary">
<doc>Opens a new browser instance to the given ``url``.</doc>
<arguments>
<arg>${HOME}</arg>
<arg>${BROWSER}</arg>
</arguments>
<status status="PASS" starttime="20180815 11:48:56.087" endtime="20180815 11:48:58.950"></status>
</kw>
<kw name="Input Text" library="SeleniumLibrary">
<doc>Types the given ``text`` into text field identified by ``locator``.</doc>
<arguments>
<arg>id=${kw_id}</arg>
<arg>${SEARCH_WORD}</arg>
</arguments>
<status status="PASS" starttime="20180815 11:48:58.950" endtime="20180815 11:48:59.089"></status>
</kw>
<kw name="Sleep" library="BuiltIn">
<doc>Pauses the test executed for the given time.</doc>
<arguments>
<arg>5s</arg>
</arguments>
<status status="PASS" starttime="20180815 11:48:59.090" endtime="20180815 11:49:04.091"></status>
</kw>
<kw name="Close All Browsers" library="SeleniumLibrary">
<doc>Closes all open browsers and resets the browser cache.</doc>
<status status="PASS" starttime="20180815 11:49:04.092" endtime="20180815 11:49:04.162"></status>
</kw>
<status status="PASS" starttime="20180815 11:48:56.086" endtime="20180815 11:49:04.162" critical="yes"></status>
</test>
<test id="s1-s1-s1-t3" name="搜索3">
<kw name="Open Browser" library="SeleniumLibrary">
<doc>Opens a new browser instance to the given ``url``.</doc>
<arguments>
<arg>${HOME}</arg>
<arg>${BROWSER}</arg>
</arguments>
<status status="PASS" starttime="20180815 11:49:04.164" endtime="20180815 11:49:06.749"></status>
</kw>
<kw name="Input Text" library="SeleniumLibrary">
<doc>Types the given ``text`` into text field identified by ``locator``.</doc>
<arguments>
<arg>id=${kw_id}</arg>
<arg>${SEARCH_WORD}</arg>
</arguments>
<status status="PASS" starttime="20180815 11:49:06.750" endtime="20180815 11:49:06.905"></status>
</kw>
<kw name="Sleep" library="BuiltIn">
<doc>Pauses the test executed for the given time.</doc>
<arguments>
<arg>5s</arg>
</arguments>
<status status="PASS" starttime="20180815 11:49:06.906" endtime="20180815 11:49:11.906"></status>
</kw>
<kw name="Close All Browsers" library="SeleniumLibrary">
<doc>Closes all open browsers and resets the browser cache.</doc>
<status status="PASS" starttime="20180815 11:49:11.907" endtime="20180815 11:49:11.980"></status>
</kw>
<status status="PASS" starttime="20180815 11:49:04.163" endtime="20180815 11:49:11.981" critical="yes"></status>
</test>
<status status="PASS" starttime="20180815 11:48:47.994" endtime="20180815 11:49:11.984"></status>
</suite>
<status status="PASS" starttime="20180815 11:48:47.992" endtime="20180815 11:49:11.997"></status>
</suite>
<suite id="s1-s2" name="003 用例集" source="/Users/lyy/Documents/AutoLink/.beats/workspace/AutoLink/标准项目组织结构_demo/003_用例集">
<suite id="s1-s2-s1" name="001 Xxx流程" source="/Users/lyy/Documents/AutoLink/.beats/workspace/AutoLink/标准项目组织结构_demo/003_用例集/001_xxx流程.robot">
<test id="s1-s2-s1-t1" name="搜索1">
<kw name="Open Browser" library="SeleniumLibrary">
<doc>Opens a new browser instance to the given ``url``.</doc>
<arguments>
<arg>${HOME}</arg>
<arg>${BROWSER}</arg>
</arguments>
<status status="PASS" starttime="20180815 11:49:12.015" endtime="20180815 11:49:14.616"></status>
</kw>
<kw name="Input Text" library="SeleniumLibrary">
<doc>Types the given ``text`` into text field identified by ``locator``.</doc>
<arguments>
<arg>id=${kw_id}</arg>
<arg>${SEARCH_WORD}</arg>
</arguments>
<status status="PASS" starttime="20180815 11:49:14.616" endtime="20180815 11:49:14.755"></status>
</kw>
<kw name="Sleep" library="BuiltIn">
<doc>Pauses the test executed for the given time.</doc>
<arguments>
<arg>5s</arg>
</arguments>
<status status="PASS" starttime="20180815 11:49:14.756" endtime="20180815 11:49:19.757"></status>
</kw>
<kw name="Close All Browsers" library="SeleniumLibrary">
<doc>Closes all open browsers and resets the browser cache.</doc>
<status status="PASS" starttime="20180815 11:49:19.757" endtime="20180815 11:49:19.830"></status>
</kw>
<status status="PASS" starttime="20180815 11:49:12.015" endtime="20180815 11:49:19.830" critical="yes"></status>
</test>
<test id="s1-s2-s1-t2" name="搜索2">
<kw name="Open Browser" library="SeleniumLibrary">
<doc>Opens a new browser instance to the given ``url``.</doc>
<arguments>
<arg>${HOME}</arg>
<arg>${BROWSER}</arg>
</arguments>
<status status="PASS" starttime="20180815 11:49:19.832" endtime="20180815 11:49:22.452"></status>
</kw>
<kw name="Input Text" library="SeleniumLibrary">
<doc>Types the given ``text`` into text field identified by ``locator``.</doc>
<arguments>
<arg>id=${kw_id}</arg>
<arg>${SEARCH_WORD}</arg>
</arguments>
<status status="PASS" starttime="20180815 11:49:22.453" endtime="20180815 11:49:22.592"></status>
</kw>
<kw name="Sleep" library="BuiltIn">
<doc>Pauses the test executed for the given time.</doc>
<arguments>
<arg>5s</arg>
</arguments>
<status status="PASS" starttime="20180815 11:49:22.592" endtime="20180815 11:49:27.593"></status>
</kw>
<kw name="Close All Browsers" library="SeleniumLibrary">
<doc>Closes all open browsers and resets the browser cache.</doc>
<status status="PASS" starttime="20180815 11:49:27.594" endtime="20180815 11:49:27.667"></status>
</kw>
<status status="PASS" starttime="20180815 11:49:19.831" endtime="20180815 11:49:27.668" critical="yes"></status>
</test>
<test id="s1-s2-s1-t3" name="搜索3">
<kw name="Open Browser" library="SeleniumLibrary">
<doc>Opens a new browser instance to the given ``url``.</doc>
<arguments>
<arg>${HOME}</arg>
<arg>${BROWSER}</arg>
</arguments>
<errors>
</errors>
</robot>
