<?xml version="1.0" encoding="UTF-8"?>
<robot generator="Robot 3.0.3 (Python 3.6.4 on darwin)" generated="20180815 12:24:16.935">
<suite id="s1" name="标准项目组织结构 Demo" source="/Users/lyy/Documents/AutoLink/.beats/workspace/AutoLink/标准项目组织结构_demo">
<suite id="s1-s1" name="002 用例集" source="/Users/lyy/Documents/AutoLink/.beats/workspace/AutoLink/标准项目组织结构_demo/002_用例集">
<suite id="s1-s1-s1" name="001 Xxx流程" source="/Users/lyy/Documents/AutoLink/.beats/workspace/AutoLink/标准项目组织结构_demo/002_用例集/001_xxx流程.robot">
<test id="s1-s1-s1-t1" name="搜索1">
<kw name="Open Browser" library="SeleniumLibrary">
<doc>Opens a new browser instance to the given ``url``.</doc>
<arguments>
<arg>${HOME}</arg>
<arg>${BROWSER}</arg>
</arguments>
<status status="PASS" starttime="20180815 12:24:17.067" endtime="20180815 12:24:19.716"></status>
</kw>
<kw name="Input Text" library="SeleniumLibrary">
<doc>Types the given ``text`` into text field identified by ``locator``.</doc>
<arguments>
<arg>id=${kw_id}</arg>
<arg>${SEARCH_WORD}</arg>
</arguments>
<status status="PASS" starttime="20180815 12:24:19.716" endtime="20180815 12:24:19.856"></status>
</kw>
<kw name="Sleep" library="BuiltIn">
<doc>Pauses the test executed for the given time.</doc>
<arguments>
<arg>5s</arg>
</arguments>
<status status="PASS" starttime="20180815 12:24:19.857" endtime="20180815 12:24:24.858"></status>
</kw>
<kw name="Close All Browsers" library="SeleniumLibrary">
<doc>Closes all open browsers and resets the browser cache.</doc>
<status status="PASS" starttime="20180815 12:24:24.858" endtime="20180815 12:24:24.930"></status>
</kw>
<status status="PASS" starttime="20180815 12:24:17.066" endtime="20180815 12:24:24.930" critical="yes"></status>
</test>
<test id="s1-s1-s1-t2" name="搜索2">
<kw name="Open Browser" library="SeleniumLibrary">
<doc>Opens a new browser instance to the given ``url``.</doc>
<arguments>
<arg>${HOME}</arg>
<arg>${BROWSER}</arg>
</arguments>
<status status="PASS" starttime="20180815 12:24:24.934" endtime="20180815 12:24:27.978"></status>
</kw>
<kw name="Input Text" library="SeleniumLibrary">
<doc>Types the given ``text`` into text field identified by ``locator``.</doc>
<arguments>
<arg>id=${kw_id}</arg>
<arg>${SEARCH_WORD}</arg>
</arguments>
<status status="PASS" starttime="20180815 12:24:27.979" endtime="20180815 12:24:28.122"></status>
</kw>
<kw name="Sleep" library="BuiltIn">
<doc>Pauses the test executed for the given time.</doc>
<arguments>
<arg>5s</arg>
</arguments>
<status status="PASS" starttime="20180815 12:24:28.123" endtime="20180815 12:24:33.125"></status>
</kw>
<kw name="Close All Browsers" library="SeleniumLibrary">
<doc>Closes all open browsers and resets the browser cache.</doc>
<status status="PASS" starttime="20180815 12:24:33.126" endtime="20180815 12:24:33.198"></status>
</kw>
<status status="PASS" starttime="20180815 12:24:24.933" endtime="20180815 12:24:33.198" critical="yes"></status>
</test>
<status status="PASS" starttime="20180815 12:24:16.969" endtime="20180815 12:24:33.201"></status>
</suite>
<status status="PASS" starttime="20180815 12:24:16.966" endtime="20180815 12:24:33.212"></status>
</suite>
<suite id="s1-s2" name="003 用例集" source="/Users/lyy/Documents/AutoLink/.beats/workspace/AutoLink/标准项目组织结构_demo/003_用例集">
<suite id="s1-s2-s1" name="001 Xxx流程" source="/Users/lyy/Documents/AutoLink/.beats/workspace/AutoLink/标准项目组织结构_demo/003_用例集/001_xxx流程.robot">
<test id="s1-s2-s1-t1" name="搜索1">
<kw name="Open Browser" library="SeleniumLibrary">
<doc>Opens a new browser instance to the given ``url``.</doc>
<arguments>
<arg>${HOME}</arg>
<arg>${BROWSER}</arg>
</arguments>
<status status="PASS" starttime="20180815 12:24:33.230" endtime="20180815 12:24:36.551"></status>
</kw>
<kw name="Input Text" library="SeleniumLibrary">
<doc>Types the given ``text`` into text field identified by ``locator``.</doc>
<arguments>
<arg>id=${kw_id}</arg>
<arg>${SEARCH_WORD}</arg>
</arguments>
<status status="PASS" starttime="20180815 12:24:36.551" endtime="20180815 12:24:36.655"></status>
</kw>
<kw name="Sleep" library="BuiltIn">
<doc>Pauses the test executed for the given time.</doc>
<arguments>
<arg>5s</arg>
</arguments>
<status status="PASS" starttime="20180815 12:24:36.655" endtime="20180815 12:24:41.656"></status>
</kw>
<kw name="Close All Browsers" library="SeleniumLibrary">
<doc>Closes all open browsers and resets the browser cache.</doc>
<status status="PASS" starttime="20180815 12:24:41.657" endtime="20180815 12:24:41.729"></status>
</kw>
<status status="PASS" starttime="20180815 12:24:33.229" endtime="20180815 12:24:41.729" critical="yes"></status>
</test>
<test id="s1-s2-s1-t2" name="搜索2">
<kw name="Open Browser" library="SeleniumLibrary">
<doc>Opens a new browser instance to the given ``url``.</doc>
<arguments>
<arg>${HOME}</arg>
<arg>${BROWSER}</arg>
</arguments>
<status status="PASS" starttime="20180815 12:24:41.732" endtime="20180815 12:24:44.356"></status>
</kw>
<kw name="Input Text" library="SeleniumLibrary">
<doc>Types the given ``text`` into text field identified by ``locator``.</doc>
<arguments>
<arg>id=${kw_id}</arg>
<arg>${SEARCH_WORD}</arg>
</arguments>
<status status="PASS" starttime="20180815 12:24:44.356" endtime="20180815 12:24:44.501"></status>
</kw>
<kw name="Sleep" library="BuiltIn">
<doc>Pauses the test executed for the given time.</doc>
<arguments>
<arg>5s</arg>
</arguments>
<status status="PASS" starttime="20180815 12:24:44.501" endtime="20180815 12:24:49.502"></status>
</kw>
<kw name="Close All Browsers" library="SeleniumLibrary">
<doc>Closes all open browsers and resets the browser cache.</doc>
<status status="PASS" starttime="20180815 12:24:49.503" endtime="20180815 12:24:49.575"></status>
</kw>
<status status="PASS" starttime="20180815 12:24:41.731" endtime="20180815 12:24:49.575" critical="yes"></status>
</test>
<test id="s1-s2-s1-t3" name="搜索3">
<kw name="Open Browser" library="SeleniumLibrary">
<doc>Opens a new browser instance to the given ``url``.</doc>
<arguments>
<arg>${HOME}</arg>
<arg>${BROWSER}</arg>
</arguments>
<status status="PASS" starttime="20180815 12:24:49.578" endtime="20180815 12:24:52.460"></status>
</kw>
<kw name="Input Text" library="SeleniumLibrary">
<doc>Types the given ``text`` into text field identified by ``locator``.</doc>
<arguments>
<arg>id=${kw_id}</arg>
<arg>${SEARCH_WORD}</arg>
</arguments>
<status status="PASS" starttime="20180815 12:24:52.461" endtime="20180815 12:24:52.602"></status>
</kw>
<kw name="Sleep" library="BuiltIn">
<doc>Pauses the test executed for the given time.</doc>
<arguments>
<arg>5s</arg>
</arguments>
<status status="PASS" starttime="20180815 12:24:52.603" endtime="20180815 12:24:57.604"></status>
</kw>
<kw name="Close All Browsers" library="SeleniumLibrary">
<doc>Closes all open browsers and resets the browser cache.</doc>
<status status="PASS" starttime="20180815 12:24:57.605" endtime="20180815 12:24:57.677"></status>
</kw>
<status status="PASS" starttime="20180815 12:24:49.577" endtime="20180815 12:24:57.677" critical="yes"></status>
</test>
<status status="PASS" starttime="20180815 12:24:33.223" endtime="20180815 12:24:57.682"></status>
</suite>
<status status="PASS" starttime="20180815 12:24:33.218" endtime="20180815 12:24:57.694"></status>
</suite>
<status status="PASS" starttime="20180815 12:24:16.937" endtime="20180815 12:24:57.705"></status>
</suite>
<statistics>
<total>
<stat pass="5" fail="0">Critical Tests</stat>
<stat pass="5" fail="0">All Tests</stat>
</total>
<tag>
</tag>
<suite>
<stat pass="5" fail="0" id="s1" name="标准项目组织结构 Demo">标准项目组织结构 Demo</stat>
<stat pass="2" fail="0" id="s1-s1" name="002 用例集">标准项目组织结构 Demo.002 用例集</stat>
<stat pass="2" fail="0" id="s1-s1-s1" name="001 Xxx流程">标准项目组织结构 Demo.002 用例集.001 Xxx流程</stat>
<stat pass="3" fail="0" id="s1-s2" name="003 用例集">标准项目组织结构 Demo.003 用例集</stat>
<stat pass="3" fail="0" id="s1-s2-s1" name="001 Xxx流程">标准项目组织结构 Demo.003 用例集.001 Xxx流程</stat>
</suite>
</statistics>
<errors>
</errors>
</robot>
